SF:lib/features/booking/models/booking_request_model.dart
DA:46,2
DA:81,0
DA:82,0
DA:83,0
DA:84,0
DA:85,0
DA:86,0
DA:87,0
DA:88,0
DA:89,0
DA:90,0
DA:91,0
DA:92,0
DA:93,0
DA:94,0
DA:95,0
DA:96,0
DA:97,0
DA:99,0
DA:100,0
DA:101,0
DA:102,0
DA:104,0
DA:105,0
DA:106,0
DA:107,0
DA:108,0
DA:109,0
DA:110,0
DA:115,1
DA:122,2
DA:124,0
DA:127,2
DA:128,1
DA:130,1
DA:131,1
DA:132,1
DA:133,1
DA:135,1
DA:136,1
DA:137,1
DA:138,1
DA:139,1
DA:141,1
DA:142,1
DA:143,2
DA:144,1
DA:145,0
DA:149,1
DA:150,1
DA:151,1
DA:152,1
DA:155,1
DA:156,1
DA:157,2
DA:158,2
DA:159,4
DA:160,2
DA:162,2
DA:163,1
DA:165,0
DA:166,0
DA:173,0
DA:174,0
DA:175,0
DA:176,0
DA:177,0
DA:178,0
DA:179,0
DA:180,0
DA:181,0
DA:182,0
DA:183,0
DA:184,0
DA:185,0
DA:186,0
DA:187,0
DA:188,0
DA:189,0
DA:190,0
DA:191,0
DA:192,0
DA:193,0
DA:194,0
DA:195,0
DA:196,0
DA:197,0
DA:198,0
DA:199,0
DA:205,0
DA:211,0
DA:212,0
DA:213,0
DA:214,0
DA:215,0
DA:216,0
DA:217,0
DA:218,0
DA:219,0
DA:220,0
DA:221,0
DA:222,0
DA:223,0
DA:224,0
DA:225,0
DA:226,0
DA:227,0
DA:228,0
DA:229,0
DA:230,0
DA:231,0
DA:232,0
DA:233,0
DA:234,0
DA:235,0
DA:236,0
DA:237,0
DA:238,0
DA:239,0
DA:240,0
DA:241,0
DA:246,0
DA:249,0
DA:252,0
DA:255,0
DA:256,0
DA:258,0
DA:259,0
DA:260,0
DA:262,0
DA:266,0
DA:267,0
DA:271,0
DA:273,0
DA:276,0
DA:277,0
DA:278,0
DA:279,0
DA:285,0
LF:139
LH:30
end_of_record
SF:lib/features/booking/models/trial_session_model.dart
DA:44,1
DA:73,1
DA:74,1
DA:75,1
DA:76,1
DA:77,1
DA:78,1
DA:79,1
DA:80,1
DA:81,2
DA:82,1
DA:83,1
DA:84,1
DA:85,1
DA:86,1
DA:87,1
DA:88,1
DA:89,1
DA:90,1
DA:91,2
DA:92,1
DA:93,1
DA:94,1
DA:95,1
DA:96,1
DA:97,2
DA:98,1
DA:99,0
DA:101,1
DA:102,0
DA:108,1
DA:109,1
DA:110,1
DA:111,1
DA:112,1
DA:113,1
DA:114,1
DA:115,1
DA:116,4
DA:117,1
DA:118,1
DA:119,1
DA:120,1
DA:121,1
DA:122,1
DA:123,1
DA:124,1
DA:125,1
DA:126,1
DA:127,1
DA:128,1
DA:129,1
DA:130,1
DA:131,1
DA:132,2
DA:133,1
DA:134,1
DA:139,0
DA:140,0
DA:141,0
DA:142,0
DA:143,0
DA:144,0
DA:147,0
DA:148,0
DA:149,0
DA:150,0
DA:154,0
DA:155,0
DA:169,0
DA:173,1
DA:174,2
DA:175,2
DA:177,2
DA:178,1
DA:180,2
DA:181,2
DA:182,2
DA:183,2
DA:187,0
DA:214,0
DA:215,0
DA:216,0
DA:217,0
DA:218,0
DA:219,0
DA:220,0
DA:221,0
DA:222,0
DA:223,0
DA:224,0
DA:225,0
DA:226,0
DA:227,0
DA:228,0
DA:229,0
DA:230,0
DA:231,0
DA:232,0
DA:233,0
DA:234,0
DA:235,0
DA:236,0
DA:237,0
DA:238,0
DA:239,0
LF:106
LH:64
end_of_record
SF:lib/features/sessions/services/location_checkin_service.dart
DA:12,0
DA:15,1
DA:16,1
DA:20,0
DA:21,0
DA:25,0
DA:26,0
DA:33,1
DA:35,1
DA:37,0
DA:41,0
DA:42,0
DA:43,0
DA:44,0
DA:45,0
DA:49,0
DA:50,0
DA:54,0
DA:61,2
DA:67,2
DA:79,1
DA:85,1
DA:92,0
DA:93,0
DA:94,0
DA:95,0
DA:96,0
DA:99,0
DA:102,0
DA:123,0
DA:124,0
DA:125,0
DA:126,0
DA:127,0
DA:130,0
DA:132,2
DA:148,0
DA:158,0
DA:159,0
DA:166,0
DA:172,0
DA:174,0
DA:175,0
DA:176,0
DA:178,0
DA:179,0
DA:180,0
DA:192,0
DA:193,0
DA:194,0
DA:195,0
DA:196,0
DA:197,0
DA:200,0
DA:202,0
DA:203,0
DA:204,0
DA:208,0
DA:212,0
DA:213,0
DA:215,0
DA:216,0
DA:217,0
DA:220,0
DA:221,0
DA:222,0
DA:223,0
DA:227,0
DA:228,0
DA:230,0
DA:233,0
DA:244,0
DA:245,0
DA:248,0
DA:257,0
DA:262,0
DA:263,0
DA:264,0
DA:265,0
DA:266,0
DA:267,0
DA:273,0
DA:274,0
DA:275,0
DA:276,0
DA:277,0
DA:280,0
DA:286,0
DA:287,0
DA:292,0
DA:293,0
DA:294,0
DA:295,0
DA:296,0
DA:298,0
LF:95
LH:9
end_of_record
SF:lib/features/sessions/services/location_sharing_service.dart
DA:13,0
DA:14,0
DA:15,0
DA:26,0
DA:34,0
DA:35,0
DA:40,0
DA:41,0
DA:42,0
DA:43,0
DA:44,0
DA:48,0
DA:49,0
DA:53,0
DA:54,0
DA:55,0
DA:56,0
DA:57,0
DA:59,0
DA:60,0
DA:63,0
DA:64,0
DA:68,0
DA:69,0
DA:71,0
DA:72,0
DA:75,0
DA:77,0
DA:78,0
DA:79,0
DA:80,0
DA:81,0
DA:82,0
DA:83,0
DA:88,0
DA:96,0
DA:97,0
DA:98,0
DA:102,0
DA:103,0
DA:104,0
DA:105,0
DA:108,0
DA:109,0
DA:113,0
DA:116,0
DA:118,0
DA:121,0
DA:125,0
DA:126,0
DA:127,0
DA:128,0
DA:131,0
DA:135,0
DA:139,0
DA:142,0
DA:146,0
DA:147,0
DA:148,0
DA:149,0
DA:152,0
DA:155,0
DA:158,0
DA:164,0
DA:167,0
DA:169,0
DA:173,0
DA:175,0
DA:178,0
DA:180,0
DA:185,0
DA:196,0
DA:197,0
DA:198,0
DA:199,0
DA:200,0
DA:201,0
DA:205,0
DA:206,0
DA:207,0
DA:211,0
DA:212,0
DA:214,0
DA:217,0
DA:224,0
DA:225,0
DA:226,0
DA:230,0
DA:238,0
DA:240,0
DA:241,0
DA:242,0
DA:252,0
DA:253,0
DA:254,0
DA:255,0
DA:261,0
DA:262,0
DA:263,0
DA:264,0
DA:265,0
DA:266,0
DA:267,0
DA:270,0
DA:278,0
DA:283,0
DA:284,0
DA:285,0
DA:294,0
DA:295,0
DA:296,0
DA:298,0
DA:300,0
DA:301,0
DA:306,0
DA:307,0
DA:311,0
DA:312,0
DA:313,0
DA:314,0
DA:319,2
DA:325,2
LF:122
LH:2
end_of_record
SF:lib/core/services/log_service.dart
DA:21,0
DA:23,0
DA:29,1
DA:30,2
DA:35,1
DA:36,2
DA:44,1
DA:45,2
DA:47,0
DA:50,0
DA:56,0
DA:57,0
DA:62,0
DA:64,0
DA:70,0
DA:72,0
DA:78,0
DA:80,0
DA:86,0
DA:88,0
LF:20
LH:6
end_of_record
SF:lib/core/services/supabase_service.dart
DA:7,0
DA:9,0
DA:17,0
DA:18,0
DA:20,0
DA:30,0
DA:32,0
DA:39,0
DA:41,0
DA:48,0
DA:53,0
DA:62,0
DA:66,0
DA:74,0
DA:75,0
DA:81,0
DA:83,0
DA:84,0
DA:86,0
DA:92,0
DA:97,0
DA:98,0
DA:103,0
DA:106,0
DA:107,0
DA:110,0
DA:111,0
DA:112,0
DA:113,0
DA:123,0
DA:124,0
DA:133,0
DA:135,0
DA:146,0
DA:150,0
DA:154,0
DA:160,0
DA:164,0
DA:170,0
DA:172,0
DA:176,0
DA:181,0
LF:42
LH:0
end_of_record
SF:lib/core/utils/error_handler.dart
DA:5,1
DA:7,2
DA:8,1
DA:9,1
DA:10,1
DA:13,0
DA:16,0
DA:22,0
DA:23,0
DA:24,0
DA:25,0
DA:29,0
DA:30,0
DA:31,0
LF:14
LH:5
end_of_record
SF:lib/features/payment/services/tutor_payout_service.dart
DA:13,0
DA:24,0
DA:30,0
DA:32,0
DA:36,0
DA:37,0
DA:41,0
DA:42,0
DA:44,0
DA:45,0
DA:49,0
DA:55,0
DA:56,0
DA:57,0
DA:60,0
DA:61,0
DA:62,0
DA:63,0
DA:64,0
DA:68,0
DA:69,0
DA:70,0
DA:71,0
DA:73,0
DA:74,0
DA:76,0
DA:77,0
DA:78,0
DA:80,0
DA:84,0
DA:85,0
DA:90,0
DA:95,0
DA:101,0
DA:103,0
DA:104,0
DA:105,0
DA:106,0
DA:107,0
DA:109,0
DA:111,0
DA:112,0
DA:117,0
DA:119,0
DA:120,0
DA:121,0
DA:129,0
DA:130,0
DA:132,0
DA:134,0
DA:135,0
DA:142,0
DA:148,0
DA:149,0
DA:150,0
DA:151,0
DA:152,0
DA:154,0
DA:155,0
DA:158,0
DA:159,0
DA:160,0
DA:165,0
DA:166,0
DA:167,0
DA:170,0
DA:171,0
DA:173,0
DA:175,0
DA:179,0
DA:186,0
DA:189,0
DA:195,0
DA:202,0
DA:203,0
DA:204,0
DA:205,0
DA:206,0
DA:208,0
DA:212,0
DA:214,0
DA:219,0
DA:226,0
DA:232,0
DA:236,0
DA:237,0
DA:239,0
DA:240,0
DA:244,0
DA:245,0
DA:252,0
LF:91
LH:0
end_of_record
SF:lib/core/config/app_config.dart
DA:26,0
DA:28,0
DA:29,0
DA:30,0
DA:38,0
DA:41,0
DA:48,0
DA:49,0
DA:50,0
DA:52,0
DA:57,0
DA:58,0
DA:59,0
DA:61,0
DA:66,0
DA:67,0
DA:68,0
DA:70,0
DA:79,0
DA:82,0
DA:83,0
DA:89,0
DA:90,0
DA:91,0
DA:93,0
DA:98,0
DA:99,0
DA:100,0
DA:102,0
DA:107,0
DA:108,0
DA:109,0
DA:111,0
DA:116,0
DA:117,0
DA:118,0
DA:120,0
DA:129,0
DA:130,0
DA:131,0
DA:133,0
DA:138,0
DA:139,0
DA:140,0
DA:142,0
DA:147,0
DA:148,0
DA:149,0
DA:151,0
DA:160,0
DA:161,0
DA:165,0
DA:166,0
DA:174,0
DA:175,0
DA:176,0
DA:178,0
DA:183,0
DA:184,0
DA:185,0
DA:187,0
DA:192,0
DA:193,0
DA:194,0
DA:196,0
DA:205,0
DA:206,0
DA:207,0
DA:209,0
DA:214,0
DA:215,0
DA:216,0
DA:218,0
DA:223,0
DA:224,0
DA:225,0
DA:227,0
DA:232,0
DA:233,0
DA:234,0
DA:236,0
DA:245,0
DA:246,0
DA:250,0
DA:251,0
DA:255,0
DA:256,0
DA:264,0
DA:265,0
DA:273,0
DA:274,0
DA:278,0
DA:279,0
DA:283,0
DA:284,0
DA:288,0
DA:289,0
DA:297,0
DA:299,0
DA:300,0
DA:309,0
DA:311,0
DA:312,0
DA:313,0
DA:324,0
DA:326,0
DA:327,0
DA:328,0
DA:329,0
DA:330,0
DA:331,0
DA:332,0
DA:333,0
DA:334,0
DA:335,0
DA:336,0
DA:337,0
LF:117
LH:0
end_of_record
SF:lib/core/services/auth_service.dart
DA:25,0
DA:26,0
DA:27,0
DA:28,0
DA:32,0
DA:40,0
DA:41,0
DA:42,0
DA:46,0
DA:47,0
DA:48,0
DA:52,0
DA:53,0
DA:54,0
DA:58,0
DA:59,0
DA:60,0
DA:64,0
DA:65,0
DA:66,0
DA:70,0
DA:71,0
DA:72,0
DA:76,0
DA:84,0
DA:85,0
DA:86,0
DA:87,0
DA:88,0
DA:89,0
DA:90,0
DA:91,0
DA:93,0
DA:97,0
DA:98,0
DA:100,0
DA:102,0
DA:104,0
DA:108,0
DA:113,0
DA:115,0
DA:117,0
DA:119,0
DA:120,0
DA:126,0
DA:132,0
DA:133,0
DA:134,0
DA:135,0
DA:139,0
DA:143,0
DA:145,0
DA:149,0
DA:152,0
DA:153,0
DA:154,0
DA:155,0
DA:156,0
DA:157,0
DA:158,0
DA:161,0
DA:163,0
DA:169,0
DA:172,0
DA:173,0
DA:174,0
DA:175,0
DA:176,0
DA:177,0
DA:178,0
DA:179,0
DA:184,0
DA:186,0
DA:189,0
DA:195,0
DA:196,0
DA:198,0
DA:204,0
DA:208,0
DA:209,0
DA:210,0
DA:211,0
DA:212,0
DA:214,0
DA:219,0
DA:225,0
DA:226,0
DA:230,0
DA:231,0
DA:233,0
DA:239,0
DA:241,0
DA:244,0
DA:245,0
DA:246,0
DA:250,0
DA:251,0
DA:252,0
DA:254,0
DA:258,0
DA:261,0
DA:263,0
DA:264,0
DA:268,0
DA:269,0
DA:272,0
DA:278,0
DA:280,0
DA:281,0
DA:284,0
DA:285,0
DA:286,0
DA:290,0
DA:291,0
DA:292,0
DA:295,0
DA:296,0
DA:301,0
DA:302,0
DA:303,0
DA:304,0
DA:305,0
DA:311,0
DA:320,0
DA:326,0
DA:334,0
DA:335,0
DA:336,0
DA:337,0
DA:338,0
DA:340,0
DA:345,0
DA:350,0
DA:351,0
DA:355,0
DA:356,0
DA:359,0
DA:361,0
DA:367,0
DA:368,0
DA:371,0
DA:372,0
DA:373,0
DA:374,0
DA:376,0
DA:377,0
DA:378,0
DA:379,0
DA:380,0
DA:381,0
DA:382,0
DA:384,0
DA:386,0
DA:387,0
DA:392,0
DA:394,0
DA:395,0
DA:396,0
DA:397,0
DA:403,0
DA:405,0
DA:409,0
DA:411,0
DA:412,0
DA:413,0
DA:414,0
DA:417,0
DA:422,0
DA:424,0
DA:427,0
DA:428,0
DA:430,0
DA:431,0
DA:440,0
DA:441,0
DA:449,0
DA:450,0
DA:451,0
DA:452,0
DA:454,0
DA:456,0
DA:461,0
DA:467,0
DA:469,0
DA:472,0
DA:473,0
DA:478,0
DA:487,0
DA:492,0
DA:493,0
DA:495,0
DA:504,0
DA:507,0
DA:508,0
DA:514,0
DA:516,0
DA:520,0
DA:521,0
DA:522,0
DA:523,0
DA:524,0
DA:527,0
DA:531,0
DA:539,0
DA:546,0
DA:548,0
DA:549,0
DA:550,0
DA:551,0
DA:552,0
DA:556,0
DA:557,0
DA:565,0
DA:573,0
DA:576,0
DA:577,0
DA:580,0
DA:581,0
DA:585,0
DA:586,0
DA:589,0
DA:596,0
DA:598,0
DA:599,0
DA:600,0
DA:601,0
DA:602,0
DA:603,0
DA:607,0
DA:608,0
DA:609,0
DA:610,0
DA:611,0
DA:612,0
DA:613,0
DA:616,0
DA:618,0
DA:619,0
DA:623,0
DA:631,0
DA:636,0
DA:637,0
DA:639,0
DA:640,0
DA:643,0
DA:645,0
DA:647,0
DA:648,0
DA:650,0
DA:654,0
DA:656,0
DA:658,0
DA:659,0
DA:661,0
DA:665,0
DA:667,0
DA:669,0
DA:670,0
DA:672,0
DA:676,0
DA:677,0
DA:679,0
DA:681,0
DA:683,0
DA:685,0
DA:689,0
DA:690,0
DA:691,0
DA:693,0
DA:694,0
DA:695,0
DA:696,0
DA:697,0
DA:701,0
DA:705,0
DA:706,0
DA:710,0
DA:711,0
DA:720,0
DA:721,0
DA:722,0
DA:723,0
DA:726,0
DA:727,0
DA:728,0
DA:736,0
DA:741,0
DA:743,0
DA:744,0
DA:745,0
DA:746,0
DA:747,0
DA:748,0
DA:749,0
DA:752,0
DA:757,0
DA:762,0
DA:763,0
DA:764,0
DA:769,0
DA:770,0
DA:775,0
DA:780,0
DA:781,0
DA:786,0
DA:789,0
DA:795,0
DA:797,0
DA:799,0
DA:800,0
DA:801,0
DA:805,0
DA:806,0
DA:807,0
DA:809,0
DA:813,0
DA:816,0
DA:818,0
DA:819,0
DA:822,0
DA:825,0
DA:829,0
DA:831,0
DA:834,0
DA:835,0
DA:836,0
DA:840,0
DA:841,0
DA:842,0
DA:845,0
DA:846,0
DA:851,0
DA:852,0
DA:853,0
DA:857,0
DA:866,0
LF:336
LH:0
end_of_record
SF:lib/core/services/push_notification_service.dart
DA:22,0
DA:30,0
DA:31,0
DA:32,0
DA:42,0
DA:45,0
DA:46,0
DA:50,0
DA:56,0
DA:60,0
DA:63,0
DA:66,0
DA:67,0
DA:68,0
DA:71,0
DA:72,0
DA:76,0
DA:77,0
DA:78,0
DA:85,0
DA:86,0
DA:90,0
DA:91,0
DA:96,0
DA:101,0
DA:102,0
DA:106,0
DA:112,0
DA:120,0
DA:121,0
DA:122,0
DA:124,0
DA:131,0
DA:134,0
DA:137,0
DA:138,0
DA:139,0
DA:141,0
DA:146,0
DA:147,0
DA:152,0
DA:153,0
DA:163,0
DA:166,0
DA:167,0
DA:168,0
DA:169,0
DA:171,0
DA:174,0
DA:176,0
DA:182,0
DA:184,0
DA:185,0
DA:186,0
DA:187,0
DA:188,0
DA:191,0
DA:196,0
DA:199,0
DA:219,0
DA:221,0
DA:223,0
DA:224,0
DA:230,0
DA:240,0
DA:241,0
DA:242,0
DA:247,0
DA:250,0
DA:254,0
DA:256,0
DA:257,0
DA:258,0
DA:265,0
DA:268,0
DA:269,0
DA:270,0
DA:273,0
DA:275,0
DA:281,0
DA:285,0
DA:289,0
DA:290,0
DA:291,0
DA:295,0
DA:296,0
DA:297,0
DA:301,0
DA:303,0
DA:304,0
DA:309,0
DA:313,0
DA:319,0
DA:322,0
DA:326,0
DA:327,0
DA:328,0
DA:333,0
DA:334,0
DA:337,0
DA:338,0
DA:339,0
DA:340,0
DA:341,0
DA:342,0
DA:349,0
DA:350,0
DA:351,0
DA:353,0
DA:360,0
DA:365,0
DA:366,0
DA:367,0
DA:374,0
DA:377,0
DA:381,0
DA:384,0
DA:387,0
DA:389,0
DA:390,0
DA:394,0
DA:400,0
DA:401,0
DA:407,0
DA:408,0
DA:409,0
DA:410,0
DA:412,0
DA:414,0
DA:417,0
DA:418,0
DA:419,0
DA:420,0
DA:424,0
DA:431,0
DA:433,0
DA:435,0
DA:440,0
DA:441,0
DA:446,0
DA:447,0
DA:448,0
DA:452,0
DA:453,0
DA:454,0
DA:457,0
DA:460,0
DA:461,0
DA:462,0
DA:465,0
DA:466,0
DA:467,0
DA:471,0
DA:472,0
DA:473,0
DA:474,0
DA:476,0
DA:477,0
DA:480,0
DA:489,0
DA:490,0
DA:492,0
DA:498,0
DA:499,0
DA:500,0
DA:504,0
DA:512,0
DA:514,0
DA:515,0
DA:516,0
DA:517,0
DA:518,0
DA:519,0
DA:520,0
DA:521,0
DA:524,0
DA:525,0
DA:527,0
DA:533,0
DA:534,0
DA:543,0
DA:545,0
DA:546,0
DA:551,0
DA:553,0
DA:556,0
DA:557,0
DA:558,0
DA:559,0
DA:560,0
DA:562,0
DA:564,0
DA:569,0
DA:572,0
LF:194
LH:0
end_of_record
SF:lib/core/services/email_rate_limit_service.dart
DA:31,0
DA:32,0
DA:35,0
DA:36,0
DA:37,0
DA:43,0
DA:44,0
DA:46,0
DA:48,0
DA:56,0
DA:57,0
DA:58,0
DA:64,0
DA:65,0
DA:67,0
DA:68,0
DA:72,0
DA:76,0
DA:77,0
DA:79,0
DA:81,0
DA:82,0
DA:83,0
DA:88,0
DA:115,0
DA:116,0
DA:117,0
DA:118,0
DA:119,0
DA:123,0
DA:127,0
DA:128,0
DA:129,0
DA:133,0
DA:134,0
DA:135,0
DA:136,0
DA:137,0
DA:142,0
DA:144,0
DA:145,0
DA:149,0
DA:150,0
DA:151,0
DA:155,0
DA:156,0
DA:157,0
DA:158,0
DA:159,0
DA:163,0
DA:164,0
DA:165,0
DA:168,0
DA:172,0
DA:173,0
DA:174,0
DA:177,0
DA:178,0
DA:179,0
DA:180,0
DA:181,0
DA:182,0
DA:183,0
DA:187,0
DA:188,0
DA:191,0
DA:195,0
DA:196,0
DA:197,0
DA:198,0
DA:199,0
DA:200,0
DA:201,0
DA:202,0
LF:74
LH:0
end_of_record
SF:lib/core/services/notification_helper_service.dart
DA:49,0
DA:59,0
DA:74,0
DA:91,0
DA:92,0
DA:93,0
DA:96,0
DA:109,0
DA:111,0
DA:112,0
DA:116,0
DA:123,0
DA:126,0
DA:128,0
DA:129,0
DA:130,0
DA:131,0
DA:139,0
DA:140,0
DA:142,0
DA:154,0
DA:162,0
DA:166,0
DA:168,0
DA:171,0
DA:172,0
DA:173,0
DA:174,0
DA:175,0
DA:176,0
DA:177,0
DA:186,0
DA:198,0
DA:206,0
DA:208,0
DA:217,0
DA:218,0
DA:219,0
DA:220,0
DA:221,0
DA:222,0
DA:223,0
DA:224,0
DA:231,0
DA:241,0
DA:243,0
DA:252,0
DA:253,0
DA:254,0
DA:255,0
DA:256,0
DA:257,0
DA:258,0
DA:269,0
DA:279,0
DA:283,0
DA:285,0
DA:288,0
DA:289,0
DA:290,0
DA:291,0
DA:292,0
DA:293,0
DA:294,0
DA:295,0
DA:296,0
DA:303,0
DA:313,0
DA:317,0
DA:319,0
DA:322,0
DA:323,0
DA:324,0
DA:325,0
DA:326,0
DA:327,0
DA:328,0
DA:329,0
DA:330,0
DA:337,0
DA:347,0
DA:349,0
DA:358,0
DA:359,0
DA:360,0
DA:361,0
DA:362,0
DA:363,0
DA:364,0
DA:371,0
DA:382,0
DA:383,0
DA:384,0
DA:385,0
DA:387,0
DA:393,0
DA:396,0
DA:401,0
DA:415,0
DA:424,0
DA:428,0
DA:430,0
DA:433,0
DA:446,0
DA:453,0
DA:457,0
DA:459,0
DA:462,0
DA:473,0
DA:480,0
DA:484,0
DA:486,0
DA:489,0
DA:507,0
DA:518,0
DA:519,0
DA:520,0
DA:523,0
DA:527,0
DA:534,0
DA:535,0
DA:537,0
DA:540,0
DA:545,0
DA:546,0
DA:547,0
DA:551,0
DA:553,0
DA:556,0
DA:560,0
DA:567,0
DA:568,0
DA:569,0
DA:573,0
DA:575,0
DA:578,0
DA:582,0
DA:589,0
DA:590,0
DA:591,0
DA:595,0
DA:597,0
DA:600,0
DA:604,0
DA:611,0
DA:617,0
DA:632,0
DA:634,0
DA:637,0
DA:639,0
DA:642,0
DA:644,0
DA:649,0
DA:653,0
DA:659,0
DA:662,0
DA:666,0
DA:671,0
DA:676,0
DA:683,0
DA:687,0
DA:689,0
DA:692,0
DA:695,0
DA:704,0
DA:714,0
DA:717,0
DA:719,0
DA:725,0
DA:728,0
DA:733,0
DA:753,0
DA:765,0
DA:766,0
DA:767,0
DA:770,0
DA:774,0
DA:782,0
DA:783,0
DA:785,0
DA:787,0
DA:799,0
DA:801,0
DA:816,0
DA:827,0
DA:830,0
DA:831,0
DA:832,0
DA:834,0
DA:837,0
DA:841,0
DA:843,0
DA:846,0
DA:850,0
DA:855,0
DA:861,0
DA:864,0
DA:868,0
DA:874,0
DA:875,0
DA:876,0
DA:878,0
DA:881,0
DA:885,0
DA:887,0
DA:890,0
DA:894,0
DA:899,0
DA:905,0
DA:908,0
DA:912,0
DA:918,0
DA:919,0
DA:920,0
DA:922,0
DA:925,0
DA:929,0
DA:931,0
DA:934,0
DA:938,0
DA:943,0
DA:949,0
DA:952,0
DA:956,0
DA:961,0
DA:963,0
DA:970,0
DA:975,0
DA:979,0
DA:981,0
DA:984,0
DA:997,0
DA:1002,0
DA:1006,0
DA:1011,0
DA:1024,0
DA:1031,0
DA:1032,0
DA:1033,0
DA:1036,0
DA:1039,0
DA:1043,0
DA:1044,0
DA:1046,0
DA:1049,0
DA:1055,0
DA:1058,0
DA:1060,0
DA:1065,0
DA:1068,0
DA:1074,0
DA:1077,0
DA:1079,0
DA:1083,0
DA:1091,0
DA:1099,0
DA:1103,0
DA:1105,0
DA:1108,0
DA:1119,0
DA:1120,0
DA:1121,0
DA:1124,0
DA:1130,0
DA:1134,0
DA:1135,0
DA:1138,0
DA:1148,0
DA:1157,0
DA:1158,0
DA:1159,0
DA:1160,0
DA:1161,0
DA:1163,0
DA:1164,0
DA:1168,0
DA:1174,0
DA:1183,0
DA:1192,0
DA:1197,0
DA:1206,0
DA:1214,0
DA:1219,0
DA:1223,0
DA:1228,0
DA:1240,0
DA:1247,0
DA:1253,0
DA:1256,0
DA:1265,0
DA:1271,0
DA:1274,0
DA:1284,0
DA:1289,0
DA:1293,0
DA:1295,0
DA:1298,0
DA:1307,0
DA:1314,0
DA:1318,0
DA:1320,0
DA:1323,0
DA:1333,0
DA:1339,0
DA:1343,0
DA:1345,0
DA:1348,0
DA:1357,0
DA:1363,0
DA:1367,0
DA:1369,0
DA:1372,0
DA:1386,0
DA:1391,0
DA:1395,0
DA:1397,0
DA:1400,0
DA:1411,0
DA:1419,0
DA:1423,0
DA:1424,0
DA:1425,0
DA:1427,0
DA:1428,0
DA:1433,0
DA:1435,0
DA:1438,0
DA:1441,0
DA:1442,0
DA:1444,0
DA:1450,0
DA:1453,0
DA:1463,0
DA:1465,0
DA:1473,0
DA:1482,0
DA:1486,0
DA:1487,0
DA:1488,0
DA:1490,0
DA:1491,0
DA:1496,0
DA:1499,0
DA:1500,0
DA:1505,0
DA:1507,0
DA:1508,0
DA:1509,0
DA:1510,0
DA:1511,0
DA:1512,0
DA:1516,0
DA:1517,0
DA:1518,0
DA:1519,0
DA:1520,0
DA:1521,0
DA:1525,0
DA:1526,0
DA:1529,0
DA:1530,0
DA:1533,0
DA:1534,0
DA:1537,0
DA:1538,0
DA:1543,0
DA:1544,0
DA:1546,0
DA:1552,0
DA:1555,0
DA:1566,0
DA:1568,0
LF:372
LH:0
end_of_record
SF:lib/core/services/notification_service.dart
DA:11,0
DA:22,0
DA:36,0
DA:48,0
DA:50,0
DA:54,0
DA:56,0
DA:57,0
DA:59,0
DA:66,0
DA:70,0
DA:72,0
DA:76,0
DA:78,0
DA:79,0
DA:80,0
DA:81,0
DA:83,0
DA:84,0
DA:87,0
DA:88,0
DA:91,0
DA:92,0
DA:99,0
DA:100,0
DA:102,0
DA:103,0
DA:106,0
DA:111,0
DA:119,0
DA:120,0
DA:124,0
DA:129,0
DA:130,0
DA:135,0
DA:137,0
DA:138,0
DA:139,0
DA:140,0
DA:142,0
DA:147,0
DA:149,0
DA:151,0
DA:154,0
DA:155,0
DA:156,0
DA:157,0
DA:158,0
DA:160,0
DA:166,0
DA:168,0
DA:174,0
DA:176,0
DA:177,0
DA:178,0
DA:179,0
DA:180,0
DA:182,0
DA:185,0
DA:186,0
DA:193,0
DA:194,0
DA:195,0
DA:196,0
DA:198,0
DA:202,0
DA:210,0
DA:211,0
DA:213,0
DA:216,0
DA:218,0
DA:224,0
DA:226,0
DA:228,0
DA:237,0
DA:240,0
DA:242,0
DA:245,0
DA:246,0
DA:247,0
DA:248,0
DA:249,0
DA:250,0
DA:253,0
DA:257,0
DA:261,0
DA:262,0
DA:269,0
DA:270,0
DA:272,0
DA:273,0
DA:276,0
DA:281,0
DA:289,0
DA:290,0
DA:294,0
DA:298,0
DA:300,0
DA:301,0
DA:302,0
DA:315,0
DA:325,0
DA:330,0
DA:336,0
DA:337,0
DA:338,0
DA:341,0
DA:346,0
DA:348,0
DA:354,0
DA:356,0
DA:361,0
DA:367,0
DA:379,0
DA:381,0
DA:385,0
DA:387,0
DA:388,0
DA:389,0
DA:390,0
DA:392,0
DA:394,0
DA:395,0
DA:396,0
DA:398,0
DA:399,0
DA:401,0
DA:402,0
DA:403,0
DA:404,0
DA:406,0
DA:408,0
DA:416,0
DA:421,0
DA:426,0
DA:428,0
DA:437,0
DA:443,0
DA:447,0
DA:448,0
DA:449,0
DA:450,0
DA:451,0
DA:453,0
DA:458,0
DA:462,0
DA:464,0
DA:467,0
DA:468,0
DA:469,0
DA:470,0
DA:473,0
DA:476,0
DA:477,0
DA:479,0
DA:480,0
DA:485,0
DA:486,0
LF:158
LH:0
end_of_record
SF:lib/core/services/pricing_service.dart
DA:11,0
DA:22,0
DA:33,0
DA:34,0
DA:36,0
DA:37,0
DA:39,0
DA:45,0
DA:46,0
DA:50,0
DA:54,0
DA:55,0
DA:56,0
DA:60,0
DA:63,0
DA:64,0
DA:66,0
DA:71,0
DA:73,0
DA:83,0
DA:84,0
DA:85,0
DA:89,0
DA:93,0
DA:100,0
DA:101,0
DA:103,0
DA:105,0
DA:106,0
DA:107,0
DA:109,0
DA:115,0
DA:122,0
DA:123,0
DA:124,0
DA:126,0
DA:135,0
DA:137,0
DA:140,0
DA:141,0
DA:142,0
DA:145,0
DA:149,0
DA:150,0
DA:154,0
DA:161,0
DA:162,0
DA:166,0
DA:170,0
DA:176,0
DA:177,0
DA:179,0
DA:185,0
DA:190,0
DA:196,0
DA:202,0
DA:203,0
DA:213,0
DA:220,0
DA:221,0
DA:222,0
DA:223,0
DA:225,0
DA:226,0
DA:227,0
DA:228,0
DA:229,0
DA:232,0
DA:233,0
DA:234,0
DA:235,0
DA:236,0
DA:237,0
DA:241,0
DA:242,0
DA:243,0
DA:244,0
DA:248,0
DA:251,0
DA:253,0
DA:258,0
DA:263,0
DA:264,0
DA:269,0
DA:278,0
DA:280,0
DA:281,0
DA:282,0
DA:288,0
DA:289,0
DA:290,0
DA:291,0
DA:292,0
DA:298,0
DA:299,0
DA:300,0
DA:302,0
DA:304,0
DA:308,0
DA:313,0
DA:314,0
DA:315,0
DA:316,0
DA:317,0
DA:320,0
DA:321,0
DA:322,0
DA:326,0
DA:329,0
DA:331,0
DA:333,0
DA:339,0
DA:340,0
DA:343,0
DA:351,0
DA:358,0
DA:359,0
DA:366,0
DA:367,0
DA:368,0
DA:369,0
DA:374,0
DA:376,0
DA:377,0
DA:378,0
DA:379,0
DA:380,0
DA:382,0
DA:389,0
DA:390,0
DA:391,0
DA:393,0
DA:397,0
DA:398,0
DA:399,0
DA:405,0
DA:406,0
DA:407,0
DA:409,0
DA:410,0
DA:413,0
LF:141
LH:0
end_of_record
SF:lib/features/booking/services/quality_assurance_service.dart
DA:14,0
DA:25,0
DA:29,0
DA:32,0
DA:33,0
DA:34,0
DA:36,0
DA:37,0
DA:38,0
DA:56,0
DA:57,0
DA:58,0
DA:60,0
DA:61,0
DA:65,0
DA:70,0
DA:72,0
DA:73,0
DA:76,0
DA:77,0
DA:78,0
DA:83,0
DA:84,0
DA:85,0
DA:89,0
DA:90,0
DA:91,0
DA:92,0
DA:95,0
DA:97,0
DA:99,0
DA:108,0
DA:113,0
DA:116,0
DA:117,0
DA:121,0
DA:123,0
DA:135,0
DA:137,0
DA:140,0
DA:141,0
DA:142,0
DA:155,0
DA:156,0
DA:163,0
DA:164,0
DA:169,0
DA:170,0
DA:171,0
DA:174,0
DA:176,0
DA:177,0
DA:178,0
DA:179,0
DA:180,0
DA:185,0
DA:186,0
DA:188,0
DA:189,0
DA:190,0
DA:191,0
DA:195,0
DA:200,0
DA:201,0
DA:202,0
DA:206,0
DA:207,0
DA:208,0
DA:209,0
DA:210,0
DA:213,0
DA:214,0
DA:215,0
DA:216,0
DA:217,0
DA:221,0
DA:222,0
DA:223,0
DA:225,0
DA:238,0
DA:239,0
DA:240,0
DA:241,0
DA:249,0
DA:250,0
DA:257,0
DA:270,0
DA:274,0
DA:276,0
DA:277,0
DA:278,0
DA:280,0
DA:281,0
DA:282,0
DA:284,0
DA:285,0
DA:286,0
DA:287,0
DA:288,0
DA:290,0
DA:296,0
DA:303,0
DA:305,0
DA:308,0
DA:309,0
DA:310,0
DA:316,0
DA:317,0
DA:319,0
DA:322,0
DA:323,0
DA:324,0
DA:329,0
DA:330,0
DA:332,0
DA:335,0
DA:339,0
DA:344,0
DA:352,0
DA:355,0
DA:362,0
DA:368,0
DA:374,0
DA:375,0
DA:376,0
DA:379,0
DA:380,0
DA:382,0
DA:384,0
DA:385,0
DA:386,0
DA:388,0
DA:389,0
DA:391,0
DA:393,0
DA:395,0
DA:403,0
DA:412,0
DA:413,0
DA:414,0
DA:415,0
DA:416,0
DA:418,0
DA:419,0
DA:420,0
DA:423,0
DA:424,0
DA:425,0
DA:427,0
DA:429,0
DA:432,0
DA:433,0
DA:434,0
DA:436,0
DA:438,0
DA:439,0
DA:441,0
DA:449,0
DA:453,0
DA:458,0
DA:468,0
DA:472,0
DA:477,0
DA:484,0
DA:486,0
DA:503,0
LF:166
LH:0
end_of_record
SF:lib/features/booking/services/session_payment_service.dart
DA:21,0
DA:27,0
DA:30,0
DA:31,0
DA:32,0
DA:43,0
DA:44,0
DA:47,0
DA:48,0
DA:49,0
DA:53,0
DA:54,0
DA:55,0
DA:57,0
DA:60,0
DA:66,0
DA:67,0
DA:70,0
DA:71,0
DA:74,0
DA:75,0
DA:76,0
DA:77,0
DA:78,0
DA:80,0
DA:83,0
DA:84,0
DA:92,0
DA:93,0
DA:96,0
DA:97,0
DA:100,0
DA:103,0
DA:104,0
DA:105,0
DA:106,0
DA:109,0
DA:110,0
DA:117,0
DA:118,0
DA:123,0
DA:127,0
DA:128,0
DA:129,0
DA:133,0
DA:141,0
DA:148,0
DA:150,0
DA:154,0
DA:155,0
DA:156,0
DA:166,0
DA:167,0
DA:171,0
DA:173,0
DA:174,0
DA:175,0
DA:176,0
DA:177,0
DA:179,0
DA:180,0
DA:183,0
DA:184,0
DA:189,0
DA:190,0
DA:191,0
DA:192,0
DA:193,0
DA:195,0
DA:196,0
DA:200,0
DA:201,0
DA:202,0
DA:203,0
DA:204,0
DA:205,0
DA:207,0
DA:208,0
DA:211,0
DA:217,0
DA:220,0
DA:228,0
DA:229,0
DA:230,0
DA:231,0
DA:233,0
DA:234,0
DA:236,0
DA:238,0
DA:239,0
DA:243,0
DA:251,0
DA:258,0
DA:259,0
DA:260,0
DA:269,0
DA:270,0
DA:273,0
DA:277,0
DA:278,0
DA:279,0
DA:280,0
DA:282,0
DA:284,0
DA:286,0
DA:287,0
DA:288,0
DA:290,0
DA:291,0
DA:293,0
DA:296,0
DA:297,0
DA:298,0
DA:300,0
DA:302,0
DA:305,0
DA:308,0
DA:313,0
DA:314,0
DA:315,0
DA:316,0
DA:318,0
DA:319,0
DA:320,0
DA:322,0
DA:323,0
DA:325,0
DA:328,0
DA:330,0
DA:333,0
DA:341,0
DA:347,0
DA:348,0
DA:349,0
DA:350,0
DA:351,0
DA:353,0
DA:354,0
DA:364,0
DA:365,0
DA:366,0
DA:368,0
DA:370,0
DA:372,0
DA:375,0
DA:376,0
DA:377,0
DA:379,0
DA:381,0
DA:386,0
DA:388,0
DA:394,0
DA:398,0
DA:399,0
DA:400,0
DA:401,0
DA:402,0
DA:406,0
DA:415,0
DA:422,0
DA:424,0
DA:428,0
DA:429,0
DA:430,0
DA:431,0
DA:432,0
DA:435,0
DA:436,0
DA:437,0
DA:442,0
DA:443,0
DA:444,0
DA:445,0
DA:446,0
DA:449,0
DA:450,0
DA:451,0
DA:455,0
DA:458,0
DA:461,0
DA:462,0
DA:475,0
DA:481,0
DA:482,0
DA:483,0
DA:485,0
DA:486,0
DA:488,0
DA:490,0
DA:492,0
DA:497,0
DA:503,0
DA:504,0
DA:505,0
DA:508,0
DA:509,0
DA:511,0
DA:514,0
DA:515,0
DA:516,0
DA:518,0
DA:519,0
DA:521,0
DA:523,0
DA:525,0
DA:535,0
DA:539,0
DA:540,0
DA:541,0
DA:543,0
DA:552,0
DA:553,0
DA:554,0
DA:555,0
DA:556,0
DA:557,0
DA:561,0
DA:562,0
DA:567,0
DA:568,0
DA:569,0
DA:570,0
DA:572,0
DA:576,0
DA:581,0
DA:582,0
DA:583,0
DA:584,0
DA:585,0
DA:590,0
DA:591,0
DA:592,0
DA:593,0
DA:595,0
DA:596,0
DA:600,0
DA:603,0
DA:605,0
DA:606,0
DA:607,0
DA:608,0
DA:611,0
DA:616,0
DA:620,0
DA:624,0
DA:629,0
DA:636,0
DA:640,0
DA:642,0
DA:647,0
DA:650,0
DA:656,0
DA:662,0
DA:672,0
DA:676,0
DA:677,0
DA:678,0
DA:679,0
DA:680,0
DA:682,0
DA:684,0
DA:690,0
DA:693,0
DA:697,0
DA:702,0
DA:706,0
DA:707,0
DA:708,0
DA:709,0
DA:710,0
DA:712,0
DA:714,0
DA:720,0
DA:723,0
DA:727,0
DA:732,0
DA:739,0
DA:744,0
DA:749,0
DA:758,0
DA:765,0
DA:768,0
LF:282
LH:0
end_of_record
SF:lib/features/payment/services/fapshi_service.dart
DA:16,0
DA:19,0
DA:22,0
DA:24,0
DA:39,0
DA:51,0
DA:52,0
DA:56,0
DA:57,0
DA:58,0
DA:59,0
DA:60,0
DA:61,0
DA:62,0
DA:63,0
DA:64,0
DA:68,0
DA:69,0
DA:70,0
DA:72,0
DA:73,0
DA:75,0
DA:79,0
DA:80,0
DA:81,0
DA:83,0
DA:84,0
DA:85,0
DA:88,0
DA:99,0
DA:101,0
DA:103,0
DA:104,0
DA:105,0
DA:106,0
DA:111,0
DA:112,0
DA:113,0
DA:114,0
DA:115,0
DA:116,0
DA:117,0
DA:118,0
DA:123,0
DA:126,0
DA:127,0
DA:128,0
DA:129,0
DA:130,0
DA:137,0
DA:139,0
DA:140,0
DA:141,0
DA:142,0
DA:143,0
DA:148,0
DA:161,0
DA:168,0
DA:170,0
DA:173,0
DA:178,0
DA:179,0
DA:181,0
DA:185,0
DA:191,0
DA:201,0
DA:203,0
DA:204,0
DA:205,0
DA:207,0
DA:208,0
DA:210,0
DA:213,0
DA:214,0
DA:215,0
DA:216,0
DA:219,0
LF:77
LH:0
end_of_record
SF:lib/features/payment/models/fapshi_transaction_model.dart
DA:10,0
DA:16,0
DA:17,0
DA:18,0
DA:19,0
DA:20,0
DA:24,0
DA:25,0
DA:26,0
DA:27,0
DA:28,0
DA:40,0
DA:48,0
DA:49,0
DA:50,0
DA:51,0
DA:52,0
DA:53,0
DA:54,0
DA:55,0
DA:60,0
DA:61,0
DA:62,0
DA:63,0
DA:64,0
DA:65,0
DA:66,0
DA:70,0
DA:71,0
DA:72,0
LF:30
LH:0
end_of_record
SF:lib/core/services/google_calendar_auth_service.dart
DA:25,0
DA:27,0
DA:31,0
DA:33,0
DA:37,0
DA:39,0
DA:40,0
DA:47,0
DA:48,0
DA:53,0
DA:56,0
DA:62,0
DA:64,0
DA:65,0
DA:66,0
DA:73,0
DA:74,0
DA:76,0
DA:81,0
DA:89,0
DA:91,0
DA:92,0
DA:96,0
DA:97,0
DA:104,0
DA:105,0
DA:111,0
DA:112,0
DA:118,0
DA:124,0
DA:126,0
DA:127,0
DA:130,0
DA:135,0
DA:140,0
DA:142,0
DA:146,0
DA:148,0
DA:153,0
DA:154,0
DA:159,0
DA:162,0
DA:168,0
DA:170,0
DA:173,0
DA:176,0
DA:177,0
DA:178,0
DA:179,0
DA:181,0
DA:183,0
DA:188,0
DA:193,0
DA:194,0
DA:197,0
DA:201,0
DA:202,0
DA:206,0
DA:208,0
DA:212,0
DA:213,0
DA:215,0
LF:62
LH:0
end_of_record
SF:lib/features/booking/services/recurring_session_service.dart
DA:14,0
DA:20,0
DA:26,0
DA:29,0
DA:30,0
DA:31,0
DA:32,0
DA:33,0
DA:34,0
DA:35,0
DA:36,0
DA:37,0
DA:38,0
DA:39,0
DA:40,0
DA:46,0
DA:47,0
DA:48,0
DA:49,0
DA:50,0
DA:51,0
DA:52,0
DA:56,0
DA:57,0
DA:61,0
DA:62,0
DA:63,0
DA:64,0
DA:65,0
DA:67,0
DA:72,0
DA:74,0
DA:76,0
DA:78,0
DA:86,0
DA:87,0
DA:90,0
DA:94,0
DA:95,0
DA:96,0
DA:97,0
DA:98,0
DA:99,0
DA:100,0
DA:101,0
DA:102,0
DA:103,0
DA:105,0
DA:106,0
DA:109,0
DA:110,0
DA:111,0
DA:112,0
DA:113,0
DA:114,0
DA:115,0
DA:116,0
DA:118,0
DA:119,0
DA:120,0
DA:121,0
DA:128,0
DA:129,0
DA:130,0
DA:131,0
DA:136,0
DA:139,0
DA:143,0
DA:149,0
DA:156,0
DA:157,0
DA:158,0
DA:161,0
DA:162,0
DA:165,0
DA:166,0
DA:168,0
DA:170,0
DA:171,0
DA:172,0
DA:173,0
DA:176,0
DA:182,0
DA:186,0
DA:196,0
DA:200,0
DA:204,0
DA:206,0
DA:209,0
DA:210,0
DA:211,0
DA:212,0
DA:214,0
DA:215,0
DA:218,0
DA:219,0
DA:221,0
DA:222,0
DA:227,0
DA:232,0
DA:233,0
DA:234,0
DA:235,0
DA:237,0
DA:238,0
DA:241,0
DA:242,0
DA:244,0
DA:245,0
DA:250,0
DA:256,0
DA:258,0
DA:262,0
DA:265,0
DA:266,0
DA:267,0
DA:268,0
DA:270,0
DA:272,0
DA:281,0
DA:287,0
DA:288,0
DA:289,0
DA:290,0
DA:291,0
DA:293,0
DA:294,0
DA:295,0
DA:296,0
DA:297,0
DA:298,0
DA:299,0
DA:303,0
DA:304,0
DA:305,0
DA:306,0
DA:307,0
DA:308,0
DA:309,0
DA:316,0
DA:319,0
DA:320,0
DA:321,0
DA:324,0
DA:326,0
DA:327,0
DA:328,0
DA:330,0
DA:333,0
DA:334,0
DA:335,0
DA:338,0
DA:343,0
DA:344,0
DA:345,0
DA:346,0
DA:348,0
DA:349,0
DA:350,0
DA:351,0
DA:352,0
DA:355,0
DA:356,0
DA:359,0
DA:360,0
DA:361,0
DA:362,0
DA:363,0
DA:364,0
DA:365,0
DA:372,0
DA:376,0
DA:382,0
DA:384,0
DA:387,0
DA:392,0
DA:394,0
DA:395,0
DA:396,0
DA:398,0
DA:400,0
DA:403,0
LF:182
LH:0
end_of_record
SF:lib/features/payment/services/payment_request_service.dart
DA:20,0
DA:24,0
DA:26,0
DA:28,0
DA:29,0
DA:30,0
DA:31,0
DA:32,0
DA:33,0
DA:36,0
DA:39,0
DA:40,0
DA:41,0
DA:42,0
DA:49,0
DA:52,0
DA:53,0
DA:54,0
DA:57,0
DA:58,0
DA:59,0
DA:61,0
DA:63,0
DA:66,0
DA:67,0
DA:69,0
DA:70,0
DA:72,0
DA:73,0
DA:74,0
DA:75,0
DA:77,0
DA:78,0
DA:79,0
DA:80,0
DA:81,0
DA:82,0
DA:83,0
DA:84,0
DA:88,0
DA:89,0
DA:92,0
DA:93,0
DA:94,0
DA:95,0
DA:96,0
DA:98,0
DA:99,0
DA:106,0
DA:110,0
DA:111,0
DA:112,0
DA:114,0
DA:116,0
DA:118,0
DA:120,0
DA:123,0
DA:126,0
DA:127,0
DA:129,0
DA:132,0
DA:133,0
DA:135,0
DA:136,0
DA:138,0
DA:139,0
DA:141,0
DA:142,0
DA:143,0
DA:144,0
DA:146,0
DA:147,0
DA:149,0
DA:153,0
DA:154,0
DA:155,0
DA:156,0
DA:157,0
DA:158,0
DA:159,0
DA:162,0
DA:163,0
DA:166,0
DA:170,0
DA:171,0
DA:172,0
DA:173,0
DA:175,0
DA:176,0
DA:177,0
DA:180,0
DA:185,0
DA:191,0
DA:192,0
DA:193,0
DA:194,0
DA:196,0
DA:204,0
DA:208,0
DA:209,0
DA:211,0
DA:212,0
DA:213,0
DA:214,0
DA:215,0
DA:226,0
DA:231,0
DA:237,0
DA:242,0
DA:250,0
DA:251,0
DA:254,0
DA:255,0
DA:256,0
DA:258,0
DA:259,0
DA:260,0
DA:262,0
DA:263,0
DA:266,0
DA:269,0
DA:273,0
DA:274,0
DA:275,0
DA:276,0
DA:278,0
DA:282,0
DA:284,0
DA:285,0
DA:286,0
DA:287,0
DA:288,0
DA:292,0
DA:298,0
DA:300,0
DA:301,0
DA:302,0
DA:303,0
DA:304,0
DA:305,0
DA:307,0
DA:309,0
DA:310,0
DA:315,0
DA:319,0
DA:320,0
DA:321,0
DA:331,0
DA:332,0
DA:335,0
DA:338,0
DA:341,0
DA:342,0
DA:344,0
DA:347,0
DA:354,0
DA:355,0
DA:357,0
DA:358,0
DA:359,0
DA:360,0
DA:362,0
DA:367,0
DA:374,0
DA:375,0
DA:376,0
DA:377,0
DA:378,0
DA:379,0
DA:380,0
DA:383,0
DA:384,0
DA:385,0
DA:386,0
DA:388,0
DA:390,0
DA:397,0
DA:402,0
DA:403,0
DA:404,0
DA:406,0
DA:408,0
DA:410,0
DA:413,0
DA:421,0
DA:425,0
DA:426,0
DA:427,0
DA:428,0
DA:429,0
DA:430,0
DA:431,0
DA:434,0
DA:438,0
LF:194
LH:0
end_of_record
SF:lib/features/sessions/services/connection_quality_service.dart
DA:11,2
DA:12,1
DA:13,2
DA:14,1
DA:29,0
DA:31,0
DA:32,0
DA:34,0
DA:42,1
DA:44,1
DA:45,1
DA:47,2
DA:52,1
DA:53,1
DA:54,1
DA:58,1
DA:59,1
DA:60,1
DA:67,1
DA:70,2
DA:73,0
DA:78,0
DA:81,0
DA:82,0
DA:86,0
DA:88,0
DA:95,0
DA:97,0
DA:104,2
DA:106,2
DA:107,0
DA:110,0
DA:111,0
DA:117,0
DA:119,0
DA:123,0
DA:124,0
DA:126,0
DA:128,0
DA:129,0
DA:139,1
DA:140,1
DA:143,2
DA:146,1
DA:147,0
DA:150,0
DA:152,0
DA:153,0
DA:155,0
DA:158,0
DA:159,0
DA:162,0
DA:164,0
DA:168,0
DA:171,1
DA:172,1
DA:173,1
DA:174,1
DA:177,1
DA:178,2
DA:183,0
DA:184,0
DA:186,0
DA:188,0
LF:64
LH:28
end_of_record
SF:lib/features/sessions/widgets/hybrid_mode_selection_dialog.dart
DA:10,1
DA:14,1
DA:16,1
DA:17,1
DA:20,2
DA:24,1
DA:26,1
DA:27,2
DA:28,1
DA:30,1
DA:33,1
DA:34,1
DA:35,1
DA:36,1
DA:38,3
DA:42,3
DA:44,1
DA:45,0
DA:46,1
DA:48,5
DA:49,17
DA:53,1
DA:54,0
DA:55,1
DA:57,5
DA:58,15
DA:62,5
LF:27
LH:25
end_of_record
SF:lib/core/theme/app_theme.dart
DA:70,0
DA:71,0
DA:74,0
DA:86,0
DA:91,0
DA:97,0
DA:98,0
DA:102,0
DA:104,0
DA:108,0
DA:110,0
DA:115,0
DA:120,0
DA:125,0
DA:130,0
DA:135,0
DA:140,0
DA:145,0
DA:151,0
DA:157,0
DA:163,0
DA:168,0
DA:173,0
DA:179,0
DA:180,0
DA:184,0
DA:185,0
DA:186,0
DA:191,0
DA:197,0
DA:200,0
DA:201,0
DA:204,0
DA:205,0
DA:208,0
DA:209,0
DA:212,0
DA:213,0
DA:216,0
DA:217,0
DA:224,0
DA:229,0
DA:235,0
DA:238,0
DA:239,0
LF:45
LH:0
end_of_record
SF:lib/features/sessions/widgets/session_location_map.dart
DA:22,1
DA:30,1
DA:32,1
DA:33,1
DA:42,1
DA:44,1
DA:46,3
DA:47,2
DA:48,0
DA:50,1
DA:54,0
DA:55,0
DA:58,0
DA:59,0
DA:60,0
DA:62,0
DA:63,0
DA:64,0
DA:68,0
DA:72,1
DA:73,2
DA:77,0
DA:78,0
DA:80,0
DA:81,0
DA:86,0
DA:87,0
DA:88,0
DA:89,0
DA:90,0
DA:91,0
DA:92,0
DA:100,0
DA:103,0
DA:107,0
DA:111,0
DA:113,0
DA:114,0
DA:115,0
DA:116,0
DA:118,0
DA:120,0
DA:124,0
DA:127,0
DA:128,0
DA:129,0
DA:131,0
DA:134,0
DA:135,0
DA:136,0
DA:137,0
DA:145,0
DA:149,0
DA:151,0
DA:152,0
DA:153,0
DA:154,0
DA:155,0
DA:157,0
DA:160,0
DA:163,0
DA:164,0
DA:165,0
DA:167,0
DA:170,0
DA:171,0
DA:172,0
DA:173,0
DA:181,0
DA:182,0
DA:184,0
DA:187,0
DA:188,0
DA:189,0
DA:190,0
DA:191,0
DA:195,0
DA:196,0
DA:198,0
DA:199,0
DA:201,0
DA:202,0
DA:203,0
DA:204,0
DA:210,0
DA:211,0
DA:212,0
DA:219,0
DA:220,0
DA:221,0
DA:222,0
DA:223,0
DA:231,1
DA:233,1
DA:234,1
DA:236,1
DA:237,2
DA:239,1
DA:241,1
DA:243,1
DA:245,1
DA:246,1
DA:247,1
DA:253,1
DA:254,1
DA:256,1
DA:257,1
DA:259,1
DA:265,1
DA:267,0
DA:268,0
DA:269,0
DA:271,0
DA:283,1
DA:285,1
DA:286,2
DA:287,1
DA:289,1
DA:298,1
DA:299,0
DA:301,0
DA:303,0
DA:304,0
DA:306,0
DA:307,0
DA:308,0
DA:309,0
DA:311,0
DA:314,0
DA:315,0
DA:316,0
DA:317,0
DA:320,0
DA:326,0
DA:327,0
DA:328,0
DA:331,0
DA:334,0
DA:335,0
DA:336,0
DA:348,1
DA:350,1
DA:351,1
DA:353,2
DA:354,0
DA:355,0
DA:356,0
DA:357,0
DA:358,0
DA:359,0
DA:360,0
DA:361,0
DA:364,0
DA:366,0
DA:369,0
DA:370,0
DA:371,0
DA:372,0
DA:374,0
DA:378,0
DA:379,0
DA:388,1
DA:389,1
DA:390,1
DA:391,1
DA:392,1
DA:394,1
DA:396,1
DA:398,1
DA:400,1
DA:401,1
DA:407,1
DA:410,1
DA:411,1
DA:412,1
DA:413,1
DA:414,1
DA:416,1
DA:418,1
DA:420,1
DA:422,1
DA:423,1
DA:432,1
LF:183
LH:60
end_of_record
SF:lib/core/utils/safe_set_state.dart
DA:21,0
DA:22,0
DA:23,0
LF:3
LH:0
end_of_record
