SF:lib/features/booking/models/booking_request_model.dart
DA:46,1
DA:81,0
DA:82,0
DA:83,0
DA:84,0
DA:85,0
DA:86,0
DA:87,0
DA:88,0
DA:89,0
DA:90,0
DA:91,0
DA:92,0
DA:93,0
DA:94,0
DA:95,0
DA:96,0
DA:97,0
DA:99,0
DA:100,0
DA:101,0
DA:102,0
DA:104,0
DA:105,0
DA:106,0
DA:107,0
DA:108,0
DA:109,0
DA:110,0
DA:115,1
DA:122,2
DA:124,0
DA:127,2
DA:128,1
DA:130,1
DA:131,1
DA:132,1
DA:133,1
DA:135,1
DA:136,1
DA:137,1
DA:138,1
DA:139,1
DA:141,1
DA:142,1
DA:143,2
DA:144,1
DA:145,0
DA:149,1
DA:150,1
DA:151,1
DA:152,1
DA:155,1
DA:156,1
DA:157,2
DA:158,2
DA:159,4
DA:160,2
DA:162,2
DA:163,1
DA:165,0
DA:166,0
DA:173,0
DA:174,0
DA:175,0
DA:176,0
DA:177,0
DA:178,0
DA:179,0
DA:180,0
DA:181,0
DA:182,0
DA:183,0
DA:184,0
DA:185,0
DA:186,0
DA:187,0
DA:188,0
DA:189,0
DA:190,0
DA:191,0
DA:192,0
DA:193,0
DA:194,0
DA:195,0
DA:196,0
DA:197,0
DA:198,0
DA:199,0
DA:205,0
DA:211,0
DA:212,0
DA:213,0
DA:214,0
DA:215,0
DA:216,0
DA:217,0
DA:218,0
DA:219,0
DA:220,0
DA:221,0
DA:222,0
DA:223,0
DA:224,0
DA:225,0
DA:226,0
DA:227,0
DA:228,0
DA:229,0
DA:230,0
DA:231,0
DA:232,0
DA:233,0
DA:234,0
DA:235,0
DA:236,0
DA:237,0
DA:238,0
DA:239,0
DA:240,0
DA:241,0
DA:246,0
DA:249,0
DA:252,0
DA:255,0
DA:256,0
DA:258,0
DA:259,0
DA:260,0
DA:262,0
DA:266,0
DA:267,0
DA:271,0
DA:273,0
DA:276,0
DA:277,0
DA:278,0
DA:279,0
DA:285,0
LF:139
LH:30
end_of_record
SF:lib/features/booking/models/trial_session_model.dart
DA:44,1
DA:73,1
DA:74,1
DA:75,1
DA:76,1
DA:77,1
DA:78,1
DA:79,1
DA:80,1
DA:81,2
DA:82,1
DA:83,1
DA:84,1
DA:85,1
DA:86,1
DA:87,1
DA:88,1
DA:89,1
DA:90,1
DA:91,2
DA:92,1
DA:93,1
DA:94,1
DA:95,1
DA:96,1
DA:97,2
DA:98,1
DA:99,0
DA:101,1
DA:102,0
DA:108,1
DA:109,1
DA:110,1
DA:111,1
DA:112,1
DA:113,1
DA:114,1
DA:115,1
DA:116,4
DA:117,1
DA:118,1
DA:119,1
DA:120,1
DA:121,1
DA:122,1
DA:123,1
DA:124,1
DA:125,1
DA:126,1
DA:127,1
DA:128,1
DA:129,1
DA:130,1
DA:131,1
DA:132,2
DA:133,1
DA:134,1
DA:139,0
DA:140,0
DA:141,0
DA:142,0
DA:143,0
DA:144,0
DA:147,0
DA:148,0
DA:149,0
DA:150,0
DA:154,0
DA:155,0
DA:169,0
DA:173,1
DA:174,2
DA:175,2
DA:177,2
DA:178,1
DA:180,2
DA:181,2
DA:182,2
DA:183,2
DA:187,0
DA:214,0
DA:215,0
DA:216,0
DA:217,0
DA:218,0
DA:219,0
DA:220,0
DA:221,0
DA:222,0
DA:223,0
DA:224,0
DA:225,0
DA:226,0
DA:227,0
DA:228,0
DA:229,0
DA:230,0
DA:231,0
DA:232,0
DA:233,0
DA:234,0
DA:235,0
DA:236,0
DA:237,0
DA:238,0
DA:239,0
LF:106
LH:64
end_of_record
SF:lib/features/sessions/services/location_checkin_service.dart
DA:11,0
DA:14,1
DA:15,1
DA:19,0
DA:20,0
DA:24,0
DA:25,0
DA:32,1
DA:34,1
DA:36,0
DA:40,0
DA:41,0
DA:42,0
DA:43,0
DA:44,0
DA:48,0
DA:49,0
DA:53,0
DA:60,2
DA:66,2
DA:78,1
DA:84,1
DA:91,0
DA:92,0
DA:93,0
DA:94,0
DA:95,0
DA:98,0
DA:101,0
DA:122,0
DA:123,0
DA:124,0
DA:125,0
DA:126,0
DA:129,0
DA:131,2
DA:147,0
DA:157,0
DA:158,0
DA:165,0
DA:171,0
DA:173,0
DA:174,0
DA:175,0
DA:177,0
DA:178,0
DA:179,0
DA:191,0
DA:192,0
DA:193,0
DA:194,0
DA:195,0
DA:196,0
DA:199,0
DA:201,0
DA:202,0
DA:203,0
DA:207,0
DA:211,0
DA:212,0
DA:214,0
DA:215,0
DA:216,0
DA:219,0
DA:220,0
DA:221,0
DA:222,0
DA:226,0
DA:227,0
DA:229,0
DA:232,0
DA:243,0
DA:244,0
DA:247,0
DA:256,0
DA:261,0
DA:262,0
DA:263,0
DA:264,0
DA:265,0
DA:266,0
DA:272,0
DA:273,0
DA:274,0
DA:275,0
DA:276,0
DA:279,0
DA:285,0
DA:286,0
DA:291,0
DA:292,0
DA:293,0
DA:294,0
DA:295,0
DA:297,0
LF:95
LH:9
end_of_record
SF:lib/features/sessions/services/location_sharing_service.dart
DA:12,0
DA:13,0
DA:14,0
DA:25,0
DA:33,0
DA:34,0
DA:39,0
DA:40,0
DA:41,0
DA:42,0
DA:43,0
DA:47,0
DA:48,0
DA:52,0
DA:53,0
DA:54,0
DA:55,0
DA:56,0
DA:58,0
DA:59,0
DA:62,0
DA:63,0
DA:67,0
DA:68,0
DA:70,0
DA:71,0
DA:74,0
DA:76,0
DA:77,0
DA:78,0
DA:79,0
DA:80,0
DA:81,0
DA:82,0
DA:87,0
DA:95,0
DA:96,0
DA:97,0
DA:101,0
DA:102,0
DA:103,0
DA:104,0
DA:107,0
DA:108,0
DA:112,0
DA:115,0
DA:117,0
DA:120,0
DA:124,0
DA:125,0
DA:126,0
DA:127,0
DA:130,0
DA:134,0
DA:138,0
DA:141,0
DA:145,0
DA:146,0
DA:147,0
DA:148,0
DA:151,0
DA:154,0
DA:157,0
DA:163,0
DA:166,0
DA:168,0
DA:172,0
DA:174,0
DA:177,0
DA:179,0
DA:184,0
DA:195,0
DA:196,0
DA:197,0
DA:198,0
DA:199,0
DA:200,0
DA:204,0
DA:205,0
DA:206,0
DA:210,0
DA:211,0
DA:213,0
DA:216,0
DA:223,0
DA:224,0
DA:225,0
DA:229,0
DA:237,0
DA:239,0
DA:240,0
DA:241,0
DA:251,0
DA:252,0
DA:253,0
DA:254,0
DA:260,0
DA:261,0
DA:262,0
DA:263,0
DA:264,0
DA:265,0
DA:266,0
DA:269,0
DA:277,0
DA:282,0
DA:283,0
DA:284,0
DA:293,0
DA:294,0
DA:295,0
DA:297,0
DA:299,0
DA:300,0
DA:305,0
DA:306,0
DA:310,0
DA:311,0
DA:312,0
DA:313,0
DA:318,2
DA:324,2
LF:122
LH:2
end_of_record
SF:lib/core/services/supabase_service.dart
DA:6,0
DA:8,0
DA:16,0
DA:17,0
DA:19,0
DA:29,0
DA:31,0
DA:38,0
DA:40,0
DA:47,0
DA:52,0
DA:61,0
DA:65,0
DA:73,0
DA:74,0
DA:80,0
DA:82,0
DA:83,0
DA:85,0
DA:91,0
DA:96,0
DA:97,0
DA:102,0
DA:105,0
DA:106,0
DA:109,0
DA:110,0
DA:111,0
DA:112,0
DA:122,0
DA:123,0
DA:132,0
DA:134,0
DA:145,0
DA:149,0
DA:153,0
DA:159,0
DA:163,0
DA:169,0
DA:171,0
DA:175,0
DA:180,0
LF:42
LH:0
end_of_record
SF:lib/core/utils/error_handler.dart
DA:5,1
DA:7,2
DA:8,1
DA:9,1
DA:10,1
DA:13,0
DA:16,0
DA:22,0
DA:23,0
DA:24,0
DA:25,0
DA:29,0
DA:30,0
DA:31,0
LF:14
LH:5
end_of_record
SF:lib/features/sessions/services/connection_quality_service.dart
DA:10,2
DA:11,1
DA:12,2
DA:13,1
DA:28,0
DA:30,0
DA:31,0
DA:33,0
DA:41,1
DA:43,1
DA:44,1
DA:46,2
DA:51,1
DA:52,1
DA:53,1
DA:57,1
DA:58,1
DA:59,1
DA:66,1
DA:69,2
DA:72,0
DA:77,0
DA:80,0
DA:81,0
DA:85,0
DA:87,0
DA:94,0
DA:96,0
DA:103,2
DA:105,2
DA:106,0
DA:109,0
DA:110,0
DA:116,0
DA:118,0
DA:122,0
DA:123,0
DA:125,0
DA:127,0
DA:128,0
DA:138,1
DA:139,1
DA:142,2
DA:145,1
DA:146,0
DA:149,0
DA:151,0
DA:152,0
DA:154,0
DA:157,0
DA:158,0
DA:161,0
DA:163,0
DA:167,0
DA:170,1
DA:171,1
DA:172,1
DA:173,1
DA:176,1
DA:177,2
DA:182,0
DA:183,0
DA:185,0
DA:187,0
LF:64
LH:28
end_of_record
SF:lib/features/sessions/widgets/hybrid_mode_selection_dialog.dart
DA:10,1
DA:14,1
DA:16,1
DA:17,1
DA:20,2
DA:24,1
DA:26,1
DA:27,2
DA:28,1
DA:30,1
DA:33,1
DA:34,1
DA:35,1
DA:36,1
DA:38,3
DA:42,3
DA:44,1
DA:45,0
DA:46,1
DA:48,5
DA:49,17
DA:53,1
DA:54,0
DA:55,1
DA:57,5
DA:58,15
DA:62,5
LF:27
LH:25
end_of_record
SF:lib/core/theme/app_theme.dart
DA:70,0
DA:71,0
DA:74,0
DA:86,0
DA:91,0
DA:97,0
DA:98,0
DA:102,0
DA:104,0
DA:108,0
DA:110,0
DA:115,0
DA:120,0
DA:125,0
DA:130,0
DA:135,0
DA:140,0
DA:145,0
DA:151,0
DA:157,0
DA:163,0
DA:168,0
DA:173,0
DA:179,0
DA:180,0
DA:184,0
DA:185,0
DA:186,0
DA:191,0
DA:197,0
DA:200,0
DA:201,0
DA:204,0
DA:205,0
DA:208,0
DA:209,0
DA:212,0
DA:213,0
DA:216,0
DA:217,0
DA:224,0
DA:229,0
DA:235,0
DA:238,0
DA:239,0
LF:45
LH:0
end_of_record
SF:lib/features/sessions/widgets/session_location_map.dart
DA:20,1
DA:28,1
DA:30,1
DA:31,1
DA:40,1
DA:42,1
DA:44,3
DA:45,2
DA:46,0
DA:48,1
DA:52,0
DA:53,0
DA:56,0
DA:57,0
DA:58,0
DA:60,0
DA:61,0
DA:62,0
DA:66,0
DA:70,1
DA:71,2
DA:75,0
DA:76,0
DA:78,0
DA:79,0
DA:84,0
DA:85,0
DA:86,0
DA:87,0
DA:88,0
DA:89,0
DA:90,0
DA:98,0
DA:101,0
DA:105,0
DA:109,0
DA:111,0
DA:112,0
DA:113,0
DA:114,0
DA:116,0
DA:118,0
DA:122,0
DA:125,0
DA:126,0
DA:127,0
DA:129,0
DA:132,0
DA:133,0
DA:134,0
DA:135,0
DA:143,0
DA:147,0
DA:149,0
DA:150,0
DA:151,0
DA:152,0
DA:153,0
DA:155,0
DA:158,0
DA:161,0
DA:162,0
DA:163,0
DA:165,0
DA:168,0
DA:169,0
DA:170,0
DA:171,0
DA:179,0
DA:180,0
DA:182,0
DA:185,0
DA:186,0
DA:187,0
DA:188,0
DA:189,0
DA:193,0
DA:194,0
DA:196,0
DA:197,0
DA:199,0
DA:200,0
DA:201,0
DA:202,0
DA:208,0
DA:209,0
DA:210,0
DA:217,0
DA:218,0
DA:219,0
DA:220,0
DA:221,0
DA:229,1
DA:231,1
DA:232,1
DA:234,1
DA:235,2
DA:237,1
DA:239,1
DA:241,1
DA:243,1
DA:244,1
DA:245,1
DA:251,1
DA:252,1
DA:254,1
DA:255,1
DA:257,1
DA:263,1
DA:265,0
DA:266,0
DA:267,0
DA:269,0
DA:281,1
DA:283,1
DA:284,2
DA:285,1
DA:287,1
DA:296,1
DA:297,0
DA:299,0
DA:301,0
DA:302,0
DA:304,0
DA:305,0
DA:306,0
DA:307,0
DA:309,0
DA:312,0
DA:313,0
DA:314,0
DA:315,0
DA:318,0
DA:324,0
DA:325,0
DA:326,0
DA:329,0
DA:332,0
DA:333,0
DA:334,0
DA:346,1
DA:348,1
DA:349,1
DA:351,2
DA:352,0
DA:353,0
DA:354,0
DA:355,0
DA:356,0
DA:357,0
DA:358,0
DA:359,0
DA:362,0
DA:364,0
DA:367,0
DA:368,0
DA:369,0
DA:370,0
DA:372,0
DA:376,0
DA:377,0
DA:386,1
DA:387,1
DA:388,1
DA:389,1
DA:390,1
DA:392,1
DA:394,1
DA:396,1
DA:398,1
DA:399,1
DA:405,1
DA:408,1
DA:409,1
DA:410,1
DA:411,1
DA:412,1
DA:414,1
DA:416,1
DA:418,1
DA:420,1
DA:421,1
DA:430,1
LF:183
LH:60
end_of_record
